Created by PLY version 3.11 (http://www.dabeaz.com/ply)

Unused terminals:

    ATTRIBUTE_DATE_CREATED
    ATTRIBUTE_DATE_GENERATED
    ATTRIBUTE_ENCODING
    ATTRIBUTE_ID
    ATTRIBUTE_LANGUAGE
    ATTRIBUTE_LANGUAGE_MAPPED_URL
    ATTRIBUTE_META_DESC
    ATTRIBUTE_TITLE
    ATTRIBUTE_TOTAL
    ATTRIBUTE_URL
    ATTRIBUTE_VERNACULAR_NAME
    ATTRIBUTE_VERSION
    DATE
    NUMBER
    TAG_ALSO_CALLED
    TAG_ALSO_CALLED_CLOSURE
    TAG_CLOSURE
    TAG_DESCRIPTOR
    TAG_DESCRIPTOR_CLOSURE
    TAG_DOCTYPE
    TAG_FULL_SUMMARY
    TAG_FULL_SUMMARY_CLOSURE
    TAG_GROUP
    TAG_GROUP_CLOSURE
    TAG_HEALTH_TOPIC
    TAG_HEALTH_TOPICS
    TAG_HEALTH_TOPIC_CLOSURE
    TAG_INFORMATION_CATEGORY
    TAG_INFORMATION_CATEGORY_CLOSURE
    TAG_LANGUAGE_MAPPED_TOPIC
    TAG_LANGUAGE_MAPPED_TOPIC_CLOSURE
    TAG_MESH_HEADING
    TAG_MESH_HEADING_CLOSURE
    TAG_ORGANIZATION
    TAG_ORGANIZATION_CLOSURE
    TAG_OTHER_LANGUAGE
    TAG_OTHER_LANGUAGE_CLOSURE
    TAG_PRIMARY_INSTITUTE
    TAG_PRIMARY_INSTITUTE_CLOSURE
    TAG_QUALIFIER
    TAG_QUALIFIER_CLOSURE
    TAG_RELATED_TOPIC
    TAG_RELATED_TOPIC_CLOSURE
    TAG_SEE_REFERENCE
    TAG_SEE_REFERENCE_CLOSURE
    TAG_SITE
    TAG_SITE_CLOSURE
    TAG_STANDARD_DESCRIPTION
    TAG_STANDARD_DESCRIPTION_CLOSURE
    TAG_XML
    TEXT_OF_ATTRIBUTE
    TEXT_OF_TAG
    TIME
    URL
    XML_TAG_CLOSURE

Grammar

Rule 0     S' -> medi_plus_xml
Rule 1     medi_plus_xml -> header body TAG_HEALTH_TOPICS_CLOSURE

Terminals, with rules where they appear

ATTRIBUTE_DATE_CREATED : 
ATTRIBUTE_DATE_GENERATED : 
ATTRIBUTE_ENCODING   : 
ATTRIBUTE_ID         : 
ATTRIBUTE_LANGUAGE   : 
ATTRIBUTE_LANGUAGE_MAPPED_URL : 
ATTRIBUTE_META_DESC  : 
ATTRIBUTE_TITLE      : 
ATTRIBUTE_TOTAL      : 
ATTRIBUTE_URL        : 
ATTRIBUTE_VERNACULAR_NAME : 
ATTRIBUTE_VERSION    : 
DATE                 : 
NUMBER               : 
TAG_ALSO_CALLED      : 
TAG_ALSO_CALLED_CLOSURE : 
TAG_CLOSURE          : 
TAG_DESCRIPTOR       : 
TAG_DESCRIPTOR_CLOSURE : 
TAG_DOCTYPE          : 
TAG_FULL_SUMMARY     : 
TAG_FULL_SUMMARY_CLOSURE : 
TAG_GROUP            : 
TAG_GROUP_CLOSURE    : 
TAG_HEALTH_TOPIC     : 
TAG_HEALTH_TOPICS    : 
TAG_HEALTH_TOPICS_CLOSURE : 1
TAG_HEALTH_TOPIC_CLOSURE : 
TAG_INFORMATION_CATEGORY : 
TAG_INFORMATION_CATEGORY_CLOSURE : 
TAG_LANGUAGE_MAPPED_TOPIC : 
TAG_LANGUAGE_MAPPED_TOPIC_CLOSURE : 
TAG_MESH_HEADING     : 
TAG_MESH_HEADING_CLOSURE : 
TAG_ORGANIZATION     : 
TAG_ORGANIZATION_CLOSURE : 
TAG_OTHER_LANGUAGE   : 
TAG_OTHER_LANGUAGE_CLOSURE : 
TAG_PRIMARY_INSTITUTE : 
TAG_PRIMARY_INSTITUTE_CLOSURE : 
TAG_QUALIFIER        : 
TAG_QUALIFIER_CLOSURE : 
TAG_RELATED_TOPIC    : 
TAG_RELATED_TOPIC_CLOSURE : 
TAG_SEE_REFERENCE    : 
TAG_SEE_REFERENCE_CLOSURE : 
TAG_SITE             : 
TAG_SITE_CLOSURE     : 
TAG_STANDARD_DESCRIPTION : 
TAG_STANDARD_DESCRIPTION_CLOSURE : 
TAG_XML              : 
TEXT_OF_ATTRIBUTE    : 
TEXT_OF_TAG          : 
TIME                 : 
URL                  : 
XML_TAG_CLOSURE      : 
error                : 

Nonterminals, with rules where they appear

body                 : 1
header               : 1
medi_plus_xml        : 0

